<?xml version="1.0" encoding="UTF-8"?>
<!-- Generated by org.testng.reporters.JUnitXMLReporter -->
<testsuite ignored="0" hostname="Shibu" failures="0" tests="8" name="Command line test" time="86.936" errors="0" timestamp="2019-11-08T12:17:42 IST">
  <testcase classname="Maven.LoginTest" name="TC_1" time="5.455"/>
  <testcase classname="Maven.LoginTest" name="TC_2" time="4.721"/>
  <testcase classname="Maven.LoginTest" name="TC_3" time="0.798"/>
  <testcase classname="Maven.LoginTest" name="TC_4" time="0.384"/>
  <testcase classname="Maven.LoginTest" name="TC_5" time="0.466"/>
  <testcase classname="Maven.LoginTest" name="TC_6" time="0.407"/>
  <testcase classname="Maven.LoginTest" name="TC_7" time="0.425"/>
  <testcase classname="Maven.LoginTest" name="TC_8" time="14.377"/>
</testsuite> <!-- Command line test -->
