<?xml version="1.0" encoding="UTF-8"?>
<testng-results ignored="0" total="1" passed="1" failed="0" skipped="0">
  <reporter-output>
  </reporter-output>
  <suite started-at="2019-11-08T12:17:43 IST" name="Command line suite" finished-at="2019-11-08T12:17:43 IST" duration-ms="98">
    <groups>
    </groups>
    <test started-at="2019-11-08T12:17:43 IST" name="Command line test" finished-at="2019-11-08T12:17:43 IST" duration-ms="98">
      <class name="Maven.AppTest">
        <test-method signature="testApp()[pri:0, instance:testApp(Maven.AppTest)]" started-at="2019-11-08T12:17:43 IST" name="testApp" finished-at="2019-11-08T12:17:43 IST" duration-ms="3" status="PASS">
          <reporter-output>
          </reporter-output>
        </test-method> <!-- testApp -->
      </class> <!-- Maven.AppTest -->
    </test> <!-- Command line test -->
  </suite> <!-- Command line suite -->
</testng-results>
