<?xml version="1.0" encoding="UTF-8"?>
<!-- Generated by org.testng.reporters.JUnitXMLReporter -->
<testsuite ignored="0" hostname="Shibu" failures="0" tests="8" name="Command line test" time="83.248" errors="0" timestamp="2019-11-08T12:23:49 IST">
  <testcase classname="Maven.LoginTest" name="TC_1" time="5.57"/>
  <testcase classname="Maven.LoginTest" name="TC_2" time="4.774"/>
  <testcase classname="Maven.LoginTest" name="TC_3" time="0.682"/>
  <testcase classname="Maven.LoginTest" name="TC_4" time="0.396"/>
  <testcase classname="Maven.LoginTest" name="TC_5" time="0.387"/>
  <testcase classname="Maven.LoginTest" name="TC_6" time="0.428"/>
  <testcase classname="Maven.LoginTest" name="TC_7" time="0.532"/>
  <testcase classname="Maven.LoginTest" name="TC_8" time="9.614"/>
</testsuite> <!-- Command line test -->
