<?xml version="1.0" encoding="UTF-8"?>
<testng-results ignored="0" total="1" passed="1" failed="0" skipped="0">
  <reporter-output>
  </reporter-output>
  <suite started-at="2019-11-12T23:10:58 IST" name="Default suite" finished-at="2019-11-12T23:11:24 IST" duration-ms="26014">
    <groups>
      <group name="main">
        <method signature="Admin.TC_009()[pri:1, instance:Maven1.Admin@51e5fc98]" name="TC_009" class="Maven1.Admin"/>
      </group> <!-- main -->
    </groups>
    <test started-at="2019-11-12T23:10:58 IST" name="Default test" finished-at="2019-11-12T23:11:24 IST" duration-ms="26014">
      <class name="Maven1.Admin">
        <test-method is-config="true" signature="open()[pri:0, instance:Maven1.Admin@51e5fc98]" started-at="2019-11-12T23:10:58 IST" name="open" finished-at="2019-11-12T23:11:17 IST" duration-ms="18929" status="PASS">
          <reporter-output>
          </reporter-output>
        </test-method> <!-- open -->
        <test-method signature="TC_009()[pri:1, instance:Maven1.Admin@51e5fc98]" started-at="2019-11-12T23:11:17 IST" name="TC_009" finished-at="2019-11-12T23:11:22 IST" duration-ms="5001" status="PASS">
          <reporter-output>
          </reporter-output>
        </test-method> <!-- TC_009 -->
        <test-method is-config="true" signature="close()[pri:0, instance:Maven1.Admin@51e5fc98]" started-at="2019-11-12T23:11:22 IST" name="close" finished-at="2019-11-12T23:11:24 IST" duration-ms="1926" status="PASS">
          <reporter-output>
          </reporter-output>
        </test-method> <!-- close -->
      </class> <!-- Maven1.Admin -->
    </test> <!-- Default test -->
  </suite> <!-- Default suite -->
</testng-results>
