<?xml version="1.0" encoding="UTF-8"?>
<testng-results ignored="0" total="8" passed="8" failed="0" skipped="0">
  <reporter-output>
  </reporter-output>
  <suite started-at="2019-11-08T12:16:15 IST" name="Command line suite" finished-at="2019-11-08T12:17:41 IST" duration-ms="86936">
    <groups>
      <group name="main">
        <method signature="LoginTest.TC_1()[pri:1, instance:Maven.LoginTest@35a50a4c]" name="TC_1" class="Maven.LoginTest"/>
        <method signature="LoginTest.TC_2()[pri:2, instance:Maven.LoginTest@35a50a4c]" name="TC_2" class="Maven.LoginTest"/>
        <method signature="LoginTest.TC_3()[pri:3, instance:Maven.LoginTest@35a50a4c]" name="TC_3" class="Maven.LoginTest"/>
        <method signature="LoginTest.TC_4()[pri:4, instance:Maven.LoginTest@35a50a4c]" name="TC_4" class="Maven.LoginTest"/>
        <method signature="LoginTest.TC_5()[pri:5, instance:Maven.LoginTest@35a50a4c]" name="TC_5" class="Maven.LoginTest"/>
        <method signature="LoginTest.TC_6()[pri:6, instance:Maven.LoginTest@35a50a4c]" name="TC_6" class="Maven.LoginTest"/>
        <method signature="LoginTest.TC_7()[pri:7, instance:Maven.LoginTest@35a50a4c]" name="TC_7" class="Maven.LoginTest"/>
        <method signature="LoginTest.TC_8()[pri:8, instance:Maven.LoginTest@35a50a4c]" name="TC_8" class="Maven.LoginTest"/>
      </group> <!-- main -->
    </groups>
    <test started-at="2019-11-08T12:16:15 IST" name="Command line test" finished-at="2019-11-08T12:17:41 IST" duration-ms="86936">
      <class name="Maven.LoginTest">
        <test-method is-config="true" signature="b()[pri:0, instance:Maven.LoginTest@35a50a4c]" started-at="2019-11-08T12:16:15 IST" name="b" finished-at="2019-11-08T12:16:22 IST" duration-ms="7729" status="PASS">
          <reporter-output>
          </reporter-output>
        </test-method> <!-- b -->
        <test-method signature="TC_1()[pri:1, instance:Maven.LoginTest@35a50a4c]" started-at="2019-11-08T12:16:22 IST" name="TC_1" finished-at="2019-11-08T12:16:28 IST" duration-ms="5455" status="PASS">
          <reporter-output>
          </reporter-output>
        </test-method> <!-- TC_1 -->
        <test-method is-config="true" signature="bclose()[pri:0, instance:Maven.LoginTest@35a50a4c]" started-at="2019-11-08T12:16:28 IST" name="bclose" finished-at="2019-11-08T12:16:29 IST" duration-ms="1180" status="PASS">
          <reporter-output>
          </reporter-output>
        </test-method> <!-- bclose -->
        <test-method is-config="true" signature="b()[pri:0, instance:Maven.LoginTest@35a50a4c]" started-at="2019-11-08T12:16:29 IST" name="b" finished-at="2019-11-08T12:16:35 IST" duration-ms="6190" status="PASS">
          <reporter-output>
          </reporter-output>
        </test-method> <!-- b -->
        <test-method signature="TC_2()[pri:2, instance:Maven.LoginTest@35a50a4c]" started-at="2019-11-08T12:16:35 IST" name="TC_2" finished-at="2019-11-08T12:16:40 IST" duration-ms="4721" status="PASS">
          <reporter-output>
          </reporter-output>
        </test-method> <!-- TC_2 -->
        <test-method is-config="true" signature="bclose()[pri:0, instance:Maven.LoginTest@35a50a4c]" started-at="2019-11-08T12:16:40 IST" name="bclose" finished-at="2019-11-08T12:16:41 IST" duration-ms="846" status="PASS">
          <reporter-output>
          </reporter-output>
        </test-method> <!-- bclose -->
        <test-method is-config="true" signature="b()[pri:0, instance:Maven.LoginTest@35a50a4c]" started-at="2019-11-08T12:16:41 IST" name="b" finished-at="2019-11-08T12:16:47 IST" duration-ms="6206" status="PASS">
          <reporter-output>
          </reporter-output>
        </test-method> <!-- b -->
        <test-method signature="TC_3()[pri:3, instance:Maven.LoginTest@35a50a4c]" started-at="2019-11-08T12:16:47 IST" name="TC_3" finished-at="2019-11-08T12:16:48 IST" duration-ms="798" status="PASS">
          <reporter-output>
          </reporter-output>
        </test-method> <!-- TC_3 -->
        <test-method is-config="true" signature="bclose()[pri:0, instance:Maven.LoginTest@35a50a4c]" started-at="2019-11-08T12:16:48 IST" name="bclose" finished-at="2019-11-08T12:16:49 IST" duration-ms="885" status="PASS">
          <reporter-output>
          </reporter-output>
        </test-method> <!-- bclose -->
        <test-method is-config="true" signature="b()[pri:0, instance:Maven.LoginTest@35a50a4c]" started-at="2019-11-08T12:16:49 IST" name="b" finished-at="2019-11-08T12:16:55 IST" duration-ms="6228" status="PASS">
          <reporter-output>
          </reporter-output>
        </test-method> <!-- b -->
        <test-method signature="TC_4()[pri:4, instance:Maven.LoginTest@35a50a4c]" started-at="2019-11-08T12:16:55 IST" name="TC_4" finished-at="2019-11-08T12:16:55 IST" duration-ms="384" status="PASS">
          <reporter-output>
          </reporter-output>
        </test-method> <!-- TC_4 -->
        <test-method is-config="true" signature="bclose()[pri:0, instance:Maven.LoginTest@35a50a4c]" started-at="2019-11-08T12:16:55 IST" name="bclose" finished-at="2019-11-08T12:16:56 IST" duration-ms="869" status="PASS">
          <reporter-output>
          </reporter-output>
        </test-method> <!-- bclose -->
        <test-method is-config="true" signature="b()[pri:0, instance:Maven.LoginTest@35a50a4c]" started-at="2019-11-08T12:16:56 IST" name="b" finished-at="2019-11-08T12:17:02 IST" duration-ms="6094" status="PASS">
          <reporter-output>
          </reporter-output>
        </test-method> <!-- b -->
        <test-method signature="TC_5()[pri:5, instance:Maven.LoginTest@35a50a4c]" started-at="2019-11-08T12:17:02 IST" name="TC_5" finished-at="2019-11-08T12:17:03 IST" duration-ms="466" status="PASS">
          <reporter-output>
          </reporter-output>
        </test-method> <!-- TC_5 -->
        <test-method is-config="true" signature="bclose()[pri:0, instance:Maven.LoginTest@35a50a4c]" started-at="2019-11-08T12:17:03 IST" name="bclose" finished-at="2019-11-08T12:17:04 IST" duration-ms="1089" status="PASS">
          <reporter-output>
          </reporter-output>
        </test-method> <!-- bclose -->
        <test-method is-config="true" signature="b()[pri:0, instance:Maven.LoginTest@35a50a4c]" started-at="2019-11-08T12:17:04 IST" name="b" finished-at="2019-11-08T12:17:11 IST" duration-ms="7111" status="PASS">
          <reporter-output>
          </reporter-output>
        </test-method> <!-- b -->
        <test-method signature="TC_6()[pri:6, instance:Maven.LoginTest@35a50a4c]" started-at="2019-11-08T12:17:11 IST" name="TC_6" finished-at="2019-11-08T12:17:11 IST" duration-ms="407" status="PASS">
          <reporter-output>
          </reporter-output>
        </test-method> <!-- TC_6 -->
        <test-method is-config="true" signature="bclose()[pri:0, instance:Maven.LoginTest@35a50a4c]" started-at="2019-11-08T12:17:11 IST" name="bclose" finished-at="2019-11-08T12:17:12 IST" duration-ms="919" status="PASS">
          <reporter-output>
          </reporter-output>
        </test-method> <!-- bclose -->
        <test-method is-config="true" signature="b()[pri:0, instance:Maven.LoginTest@35a50a4c]" started-at="2019-11-08T12:17:12 IST" name="b" finished-at="2019-11-08T12:17:19 IST" duration-ms="6384" status="PASS">
          <reporter-output>
          </reporter-output>
        </test-method> <!-- b -->
        <test-method signature="TC_7()[pri:7, instance:Maven.LoginTest@35a50a4c]" started-at="2019-11-08T12:17:19 IST" name="TC_7" finished-at="2019-11-08T12:17:19 IST" duration-ms="425" status="PASS">
          <reporter-output>
          </reporter-output>
        </test-method> <!-- TC_7 -->
        <test-method is-config="true" signature="bclose()[pri:0, instance:Maven.LoginTest@35a50a4c]" started-at="2019-11-08T12:17:19 IST" name="bclose" finished-at="2019-11-08T12:17:20 IST" duration-ms="780" status="PASS">
          <reporter-output>
          </reporter-output>
        </test-method> <!-- bclose -->
        <test-method is-config="true" signature="b()[pri:0, instance:Maven.LoginTest@35a50a4c]" started-at="2019-11-08T12:17:20 IST" name="b" finished-at="2019-11-08T12:17:26 IST" duration-ms="6196" status="PASS">
          <reporter-output>
          </reporter-output>
        </test-method> <!-- b -->
        <test-method signature="TC_8()[pri:8, instance:Maven.LoginTest@35a50a4c]" started-at="2019-11-08T12:17:26 IST" name="TC_8" finished-at="2019-11-08T12:17:40 IST" duration-ms="14377" status="PASS">
          <reporter-output>
          </reporter-output>
        </test-method> <!-- TC_8 -->
        <test-method is-config="true" signature="bclose()[pri:0, instance:Maven.LoginTest@35a50a4c]" started-at="2019-11-08T12:17:40 IST" name="bclose" finished-at="2019-11-08T12:17:41 IST" duration-ms="1108" status="PASS">
          <reporter-output>
          </reporter-output>
        </test-method> <!-- bclose -->
      </class> <!-- Maven.LoginTest -->
    </test> <!-- Command line test -->
  </suite> <!-- Command line suite -->
</testng-results>
