<?xml version="1.0" encoding="UTF-8" ?>
<testsuite tests="9" failures="0" name="TestSuite" time="43.83" errors="0" skipped="0">
  <properties>
[...]
</properties>
  <testcase classname="Maven.LoginTest" name="TC_1" time="5.46"/>
  <testcase classname="Maven.LoginTest" name="TC_2" time="4.72"/>
  <testcase classname="Maven.LoginTest" name="TC_3" time="0.798"/>
  <testcase classname="Maven.LoginTest" name="TC_4" time="0.384"/>
  <testcase classname="Maven.LoginTest" name="TC_5" time="0.466"/>
  <testcase classname="Maven.LoginTest" name="TC_6" time="0.408"/>
  <testcase classname="Maven.LoginTest" name="TC_7" time="0.425"/>
  <testcase classname="Maven.LoginTest" name="TC_8" time="14.377"/>
  <testcase classname="Maven.AppTest" name="testApp on testApp(Maven.AppTest)" time="16.792"/>
</testsuite>